2024-03-06 21:40:34,362 [Worker-7: Loading available Gradle versions] INFO  o.e.b.c.i.u.g.PublishedGradleVersions - Gradle version information cache is up-to-date. Trying to read.
2024-03-06 21:43:08,418 [Worker-10: Building] INFO  o.e.m.c.i.l.LifecycleMappingFactory - Using org.eclipse.m2e.jdt.JarLifecycleMapping lifecycle mapping for MavenProject: com.SpringbootProject.blog:blog-app-apis:0.0.1-SNAPSHOT @ C:\Users\cheta\Documents\workspace-spring-tool-suite-4-4.21.0.RELEASE\blog-app-apis\pom.xml.
2024-03-06 21:43:10,535 [Worker-10: Building] INFO  o.a.m.s.f.DefaultMavenResourcesFiltering - Copying 1 resource from src\main\resources to target\classes
2024-03-06 21:43:10,564 [Worker-10: Building] INFO  o.a.m.s.f.DefaultMavenResourcesFiltering - Copying 0 resource from src\main\resources to target\classes
2024-03-06 21:43:10,572 [Worker-10: Building] INFO  o.a.m.s.f.DefaultMavenResourcesFiltering - skip non existing resourceDirectory C:\Users\cheta\Documents\workspace-spring-tool-suite-4-4.21.0.RELEASE\blog-app-apis\src\test\resources
2024-03-06 21:46:06,104 [Worker-4: Loading available Gradle versions] INFO  o.e.b.c.i.u.g.PublishedGradleVersions - Gradle version information cache is up-to-date. Trying to read.
2024-03-06 21:47:05,716 [Worker-1: Launching BlogAppApisApplication] INFO  o.a.m.s.f.DefaultMavenResourcesFiltering - Copying 1 resource from src\main\resources to target\classes
2024-03-06 21:47:05,738 [Worker-1: Launching BlogAppApisApplication] INFO  o.a.m.s.f.DefaultMavenResourcesFiltering - Copying 0 resource from src\main\resources to target\classes
2024-03-06 21:47:05,746 [Worker-1: Launching BlogAppApisApplication] INFO  o.a.m.s.f.DefaultMavenResourcesFiltering - skip non existing resourceDirectory C:\Users\cheta\Documents\workspace-spring-tool-suite-4-4.21.0.RELEASE\blog-app-apis\src\test\resources
2024-03-06 21:50:22,018 [Worker-5: Loading available Gradle versions] INFO  o.e.b.c.i.u.g.PublishedGradleVersions - Gradle version information cache is up-to-date. Trying to read.
2024-03-06 21:50:44,038 [Worker-12: Updating Maven Project] INFO  o.e.m.c.i.p.ProjectConfigurationManager - Update started
2024-03-06 21:50:45,529 [Worker-12: Updating Maven Project] INFO  o.e.m.c.i.l.LifecycleMappingFactory - Using org.eclipse.m2e.jdt.JarLifecycleMapping lifecycle mapping for MavenProject: com.SpringbootProject.blog:blog-app-apis:0.0.1-SNAPSHOT @ C:\Users\cheta\Documents\workspace-spring-tool-suite-4-4.21.0.RELEASE\blog-app-apis\pom.xml.
2024-03-06 21:50:47,004 [Worker-12: Updating Maven Project] INFO  o.e.m.j.i.AbstractJavaProjectConfigurator - Adding source folder /blog-app-apis/src/main/java
2024-03-06 21:50:47,005 [Worker-12: Updating Maven Project] INFO  o.e.m.j.i.AbstractJavaProjectConfigurator - Adding resource folder /blog-app-apis/src/main/resources
2024-03-06 21:50:47,006 [Worker-12: Updating Maven Project] INFO  o.e.m.j.i.AbstractJavaProjectConfigurator - Adding resource folder /blog-app-apis/src/main/resources
2024-03-06 21:50:47,008 [Worker-12: Updating Maven Project] INFO  o.e.m.j.i.AbstractJavaProjectConfigurator - Adding source folder /blog-app-apis/src/test/java
2024-03-06 21:50:47,009 [Worker-12: Updating Maven Project] INFO  o.e.m.j.i.AbstractJavaProjectConfigurator - Adding resource folder /blog-app-apis/src/test/resources
2024-03-06 21:50:47,977 [Worker-12: Updating Maven Project] INFO  o.e.m.c.i.p.ProjectConfigurationManager - Update completed for 1 poms: local refresh takes 0.00 sec, refresh facades takes 2.00 sec, update config takes 0.00 sec 
2024-03-06 21:50:49,183 [Worker-4: Building] INFO  o.a.m.s.f.DefaultMavenResourcesFiltering - Copying 1 resource from src\main\resources to target\classes
2024-03-06 21:50:49,212 [Worker-4: Building] INFO  o.a.m.s.f.DefaultMavenResourcesFiltering - Copying 0 resource from src\main\resources to target\classes
2024-03-06 21:50:49,220 [Worker-4: Building] INFO  o.a.m.s.f.DefaultMavenResourcesFiltering - skip non existing resourceDirectory C:\Users\cheta\Documents\workspace-spring-tool-suite-4-4.21.0.RELEASE\blog-app-apis\src\test\resources
